/!\ FAILSAFE /!\  Sat Oct 18 02:52:21 -0400 2008
  Status: 500 Internal Server Error
  Could not find table 'sessions'
    /Library/Ruby/Gems/1.8/gems/activerecord-2.1.1/lib/active_record/connection_adapters/sqlite3_adapter.rb:29:in `table_structure'
    /Library/Ruby/Gems/1.8/gems/activesupport-2.1.1/lib/active_support/core_ext/object/misc.rb:28:in `returning'
    /Library/Ruby/Gems/1.8/gems/activerecord-2.1.1/lib/active_record/connection_adapters/sqlite3_adapter.rb:28:in `table_structure'
    /Library/Ruby/Gems/1.8/gems/activerecord-2.1.1/lib/active_record/connection_adapters/sqlite_adapter.rb:189:in `columns'
    /Library/Ruby/Gems/1.8/gems/activerecord-2.1.1/lib/active_record/base.rb:1149:in `columns'
    /Library/Ruby/Gems/1.8/gems/activerecord-2.1.1/lib/active_record/base.rb:1157:in `columns_hash'
    /Library/Ruby/Gems/1.8/gems/actionpack-2.1.1/lib/action_controller/session/active_record_store.rb:104:in `setup_sessid_compatibility!'
    /Library/Ruby/Gems/1.8/gems/actionpack-2.1.1/lib/action_controller/session/active_record_store.rb:78:in `find_by_session_id'
    /Library/Ruby/Gems/1.8/gems/actionpack-2.1.1/lib/action_controller/session/active_record_store.rb:288:in `initialize'
    /Library/Ruby/Gems/1.8/gems/activerecord-2.1.1/lib/active_record/base.rb:1267:in `silence'
    /Library/Ruby/Gems/1.8/gems/actionpack-2.1.1/lib/action_controller/session/active_record_store.rb:288:in `initialize'
    /System/Library/Frameworks/Ruby.framework/Versions/1.8/usr/lib/ruby/1.8/cgi/session.rb:273:in `new'
    /System/Library/Frameworks/Ruby.framework/Versions/1.8/usr/lib/ruby/1.8/cgi/session.rb:273:in `initialize_without_cgi_reader'
    /Library/Ruby/Gems/1.8/gems/actionpack-2.1.1/lib/action_controller/cgi_ext/session.rb:39:in `initialize'
    /Library/Ruby/Gems/1.8/gems/actionpack-2.1.1/lib/action_controller/cgi_process.rb:132:in `new'
    /Library/Ruby/Gems/1.8/gems/actionpack-2.1.1/lib/action_controller/cgi_process.rb:132:in `session'
    /Library/Ruby/Gems/1.8/gems/actionpack-2.1.1/lib/action_controller/cgi_process.rb:168:in `stale_session_check!'
    /Library/Ruby/Gems/1.8/gems/actionpack-2.1.1/lib/action_controller/cgi_process.rb:116:in `session'
    /Library/Ruby/Gems/1.8/gems/actionpack-2.1.1/lib/action_controller/base.rb:1139:in `assign_shortcuts_without_flash'
    /Library/Ruby/Gems/1.8/gems/actionpack-2.1.1/lib/action_controller/flash.rb:166:in `assign_shortcuts'
    /Library/Ruby/Gems/1.8/gems/actionpack-2.1.1/lib/action_controller/base.rb:523:in `process_without_filters'
    /Library/Ruby/Gems/1.8/gems/actionpack-2.1.1/lib/action_controller/filters.rb:568:in `process_without_session_management_support'
    /Library/Ruby/Gems/1.8/gems/actionpack-2.1.1/lib/action_controller/session_management.rb:130:in `process'
    /Library/Ruby/Gems/1.8/gems/actionpack-2.1.1/lib/action_controller/base.rb:389:in `process'
    /Library/Ruby/Gems/1.8/gems/actionpack-2.1.1/lib/action_controller/dispatcher.rb:149:in `handle_request'
    /Library/Ruby/Gems/1.8/gems/actionpack-2.1.1/lib/action_controller/dispatcher.rb:107:in `dispatch'
    /Library/Ruby/Gems/1.8/gems/actionpack-2.1.1/lib/action_controller/dispatcher.rb:104:in `synchronize'
    /Library/Ruby/Gems/1.8/gems/actionpack-2.1.1/lib/action_controller/dispatcher.rb:104:in `dispatch'
    /Library/Ruby/Gems/1.8/gems/actionpack-2.1.1/lib/action_controller/dispatcher.rb:120:in `dispatch_cgi'
    /Library/Ruby/Gems/1.8/gems/actionpack-2.1.1/lib/action_controller/dispatcher.rb:35:in `dispatch'
    /Library/Ruby/Gems/1.8/gems/mongrel-1.1.5/bin/../lib/mongrel/rails.rb:76:in `process'
    /Library/Ruby/Gems/1.8/gems/mongrel-1.1.5/bin/../lib/mongrel/rails.rb:74:in `synchronize'
    /Library/Ruby/Gems/1.8/gems/mongrel-1.1.5/bin/../lib/mongrel/rails.rb:74:in `process'
    /Library/Ruby/Gems/1.8/gems/mongrel-1.1.5/lib/mongrel.rb:159:in `process_client'
    /Library/Ruby/Gems/1.8/gems/mongrel-1.1.5/lib/mongrel.rb:158:in `each'
    /Library/Ruby/Gems/1.8/gems/mongrel-1.1.5/lib/mongrel.rb:158:in `process_client'
    /Library/Ruby/Gems/1.8/gems/mongrel-1.1.5/lib/mongrel.rb:285:in `run'
    /Library/Ruby/Gems/1.8/gems/mongrel-1.1.5/lib/mongrel.rb:285:in `initialize'
    /Library/Ruby/Gems/1.8/gems/mongrel-1.1.5/lib/mongrel.rb:285:in `new'
    /Library/Ruby/Gems/1.8/gems/mongrel-1.1.5/lib/mongrel.rb:285:in `run'
    /Library/Ruby/Gems/1.8/gems/mongrel-1.1.5/lib/mongrel.rb:268:in `initialize'
    /Library/Ruby/Gems/1.8/gems/mongrel-1.1.5/lib/mongrel.rb:268:in `new'
    /Library/Ruby/Gems/1.8/gems/mongrel-1.1.5/lib/mongrel.rb:268:in `run'
    /Library/Ruby/Gems/1.8/gems/mongrel-1.1.5/lib/mongrel/configurator.rb:282:in `run'
    /Library/Ruby/Gems/1.8/gems/mongrel-1.1.5/lib/mongrel/configurator.rb:281:in `each'
    /Library/Ruby/Gems/1.8/gems/mongrel-1.1.5/lib/mongrel/configurator.rb:281:in `run'
    /Library/Ruby/Gems/1.8/gems/mongrel-1.1.5/bin/mongrel_rails:128:in `run'
    /Library/Ruby/Gems/1.8/gems/mongrel-1.1.5/lib/mongrel/command.rb:212:in `run'
    /Library/Ruby/Gems/1.8/gems/mongrel-1.1.5/bin/mongrel_rails:281
    /Library/Ruby/Gems/1.8/gems/activesupport-2.1.1/lib/active_support/dependencies.rb:503:in `load'
    /Library/Ruby/Gems/1.8/gems/activesupport-2.1.1/lib/active_support/dependencies.rb:503:in `load'
    /Library/Ruby/Gems/1.8/gems/activesupport-2.1.1/lib/active_support/dependencies.rb:355:in `new_constants_in'
    /Library/Ruby/Gems/1.8/gems/activesupport-2.1.1/lib/active_support/dependencies.rb:503:in `load'
    /Library/Ruby/Gems/1.8/gems/rails-2.1.1/lib/commands/servers/mongrel.rb:64
    /Library/Ruby/Site/1.8/rubygems/custom_require.rb:27:in `gem_original_require'
    /Library/Ruby/Site/1.8/rubygems/custom_require.rb:27:in `require'
    /Library/Ruby/Gems/1.8/gems/activesupport-2.1.1/lib/active_support/dependencies.rb:510:in `require'
    /Library/Ruby/Gems/1.8/gems/activesupport-2.1.1/lib/active_support/dependencies.rb:355:in `new_constants_in'
    /Library/Ruby/Gems/1.8/gems/activesupport-2.1.1/lib/active_support/dependencies.rb:510:in `require'
    /Library/Ruby/Gems/1.8/gems/rails-2.1.1/lib/commands/server.rb:39
    /Library/Ruby/Site/1.8/rubygems/custom_require.rb:27:in `gem_original_require'
    /Library/Ruby/Site/1.8/rubygems/custom_require.rb:27:in `require'
    script/server:3
  [4;36;1mSQL (0.000284)[0m   [0;1m SELECT name
 FROM sqlite_master
 WHERE type = 'table' AND NOT name = 'sqlite_sequence'
[0m
  [4;35;1mSQL (0.021571)[0m   [0mselect sqlite_version(*)[0m
  [4;36;1mSQL (0.001760)[0m   [0;1mCREATE TABLE "schema_migrations" ("version" varchar(255) NOT NULL) [0m
  [4;35;1mSQL (0.001176)[0m   [0mCREATE UNIQUE INDEX "unique_schema_migrations" ON "schema_migrations" ("version")[0m
  [4;36;1mSQL (0.000156)[0m   [0;1m SELECT name
 FROM sqlite_master
 WHERE type = 'table' AND NOT name = 'sqlite_sequence'
[0m
  [4;35;1mSQL (0.000127)[0m   [0mSELECT version FROM schema_migrations[0m
Migrating to BortMigration (20080929171348)
  [4;36;1mSQL (0.001590)[0m   [0;1mCREATE TABLE "sessions" ("id" INTEGER PRIMARY KEY AUTOINCREMENT NOT NULL, "session_id" varchar(255) NOT NULL, "data" text, "created_at" datetime, "updated_at" datetime) [0m
  [4;35;1mSQL (0.001226)[0m   [0mCREATE INDEX "index_sessions_on_session_id" ON "sessions" ("session_id")[0m
  [4;36;1mSQL (0.023471)[0m   [0;1mCREATE INDEX "index_sessions_on_updated_at" ON "sessions" ("updated_at")[0m
  [4;35;1mSQL (0.000228)[0m   [0m SELECT name
 FROM sqlite_master
 WHERE type = 'table' AND NOT name = 'sqlite_sequence'
[0m
  [4;36;1mSQL (0.001516)[0m   [0;1mCREATE TABLE "open_id_authentication_associations" ("id" INTEGER PRIMARY KEY AUTOINCREMENT NOT NULL, "issued" integer, "lifetime" integer, "handle" varchar(255), "assoc_type" varchar(255), "server_url" blob, "secret" blob) [0m
  [4;35;1mSQL (0.000213)[0m   [0m SELECT name
 FROM sqlite_master
 WHERE type = 'table' AND NOT name = 'sqlite_sequence'
[0m
  [4;36;1mSQL (0.004939)[0m   [0;1mCREATE TABLE "open_id_authentication_nonces" ("id" INTEGER PRIMARY KEY AUTOINCREMENT NOT NULL, "timestamp" integer NOT NULL, "server_url" varchar(255), "salt" varchar(255) NOT NULL) [0m
  [4;35;1mSQL (0.004513)[0m   [0mCREATE TABLE "users" ("id" INTEGER PRIMARY KEY AUTOINCREMENT NOT NULL, "login" varchar(40), "identity_url" varchar(255), "name" varchar(100) DEFAULT '', "email" varchar(100), "crypted_password" varchar(40), "salt" varchar(40), "remember_token" varchar(40), "activation_code" varchar(40), "state" varchar(255) DEFAULT 'passive', "remember_token_expires_at" datetime, "activated_at" datetime, "deleted_at" datetime, "created_at" datetime, "updated_at" datetime) [0m
  [4;36;1mSQL (0.001502)[0m   [0;1mCREATE UNIQUE INDEX "index_users_on_login" ON "users" ("login")[0m
  [4;35;1mSQL (0.005487)[0m   [0mCREATE TABLE "passwords" ("id" INTEGER PRIMARY KEY AUTOINCREMENT NOT NULL, "user_id" integer, "reset_code" varchar(255), "expiration_date" datetime, "created_at" datetime, "updated_at" datetime) [0m
  [4;36;1mSQL (0.001501)[0m   [0;1mCREATE TABLE "roles" ("id" INTEGER PRIMARY KEY AUTOINCREMENT NOT NULL, "name" varchar(255)) [0m
  [4;35;1mSQL (0.006327)[0m   [0mCREATE TABLE "roles_users" ("role_id" integer, "user_id" integer) [0m
  [4;36;1mRole Create (0.000348)[0m   [0;1mINSERT INTO "roles" ("name") VALUES('admin')[0m
  [4;35;1mSQL (0.000222)[0m   [0mSELECT "login" FROM "users" WHERE (LOWER("users".login) = 'admin') [0m
  [4;36;1mSQL (0.000065)[0m   [0;1mSELECT "email" FROM "users" WHERE (LOWER("users".email) = 'bort@bort.com') [0m
  [4;35;1mUser Create (0.000392)[0m   [0mINSERT INTO "users" ("name", "salt", "activated_at", "updated_at", "crypted_password", "deleted_at", "activation_code", "remember_token_expires_at", "identity_url", "remember_token", "login", "email", "state", "created_at") VALUES('', 'e3a4c29c4f9fefd9bddd60e5d97b9717f632d351', NULL, '2008-10-18 06:52:49', 'ec29bfc17bab99c210f7be772c0ac4a8ca14ff8e', NULL, NULL, NULL, NULL, NULL, 'admin', 'bort@bort.com', 'passive', '2008-10-18 06:52:49')[0m
Sent mail to bort@bort.com

Date: Sat, 18 Oct 2008 02:52:49 -0400
From: bort@bort.com
To: bort@bort.com
Subject: [Bort] Please activate your new account
Mime-Version: 1.0
Content-Type: text/plain; charset=utf-8

Your account has been created.

Username: admin

Visit this url to activate your account:

http://localhost:3000/activate/
  [4;36;1mUser Update (0.000307)[0m   [0;1mUPDATE "users" SET "activation_code" = '0d1b9c057312ff58ed67e60d5f31d5c4c48e933b', "state" = 'pending', "updated_at" = '2008-10-18 06:52:49' WHERE "id" = 1[0m
  [4;35;1mUser Update (0.000436)[0m   [0mUPDATE "users" SET "activated_at" = '2008-10-18 06:52:49', "activation_code" = NULL, "state" = 'active', "updated_at" = '2008-10-18 06:52:49' WHERE "id" = 1[0m
Sent mail to bort@bort.com

Date: Sat, 18 Oct 2008 02:52:49 -0400
From: bort@bort.com
To: bort@bort.com
Subject: [Bort] Your account has been activated!
Mime-Version: 1.0
Content-Type: text/plain; charset=utf-8

admin, your account has been activated.  Welcome aboard!

http://localhost:3000
  [4;36;1mSQL (0.000258)[0m   [0;1mINSERT INTO "roles_users" ("role_id", "user_id") VALUES (1, 1)[0m
  [4;35;1mSQL (0.008039)[0m   [0mINSERT INTO schema_migrations (version) VALUES ('20080929171348')[0m
  [4;36;1mSQL (0.000373)[0m   [0;1m SELECT name
 FROM sqlite_master
 WHERE type = 'table' AND NOT name = 'sqlite_sequence'
[0m
  [4;35;1mSQL (0.000228)[0m   [0mSELECT version FROM schema_migrations[0m
  [4;36;1mSQL (0.000298)[0m   [0;1m SELECT name
 FROM sqlite_master
 WHERE type = 'table' AND NOT name = 'sqlite_sequence'
[0m
  [4;35;1mSQL (0.000053)[0m   [0mPRAGMA index_list("open_id_authentication_associations")[0m
  [4;36;1mSQL (0.000043)[0m   [0;1mPRAGMA index_list("open_id_authentication_nonces")[0m
  [4;35;1mSQL (0.000041)[0m   [0mPRAGMA index_list("passwords")[0m
  [4;36;1mSQL (0.000040)[0m   [0;1mPRAGMA index_list("roles")[0m
  [4;35;1mSQL (0.000041)[0m   [0mPRAGMA index_list("roles_users")[0m
  [4;36;1mSQL (0.000134)[0m   [0;1mPRAGMA index_list("sessions")[0m
  [4;35;1mSQL (0.000098)[0m   [0mPRAGMA index_info('index_sessions_on_updated_at')[0m
  [4;36;1mSQL (0.000097)[0m   [0;1mPRAGMA index_info('index_sessions_on_session_id')[0m
  [4;35;1mSQL (0.000096)[0m   [0mPRAGMA index_list("users")[0m
  [4;36;1mSQL (0.000096)[0m   [0;1mPRAGMA index_info('index_users_on_login')[0m


Processing SessionsController#new (for 127.0.0.1 at 2008-10-18 02:52:56) [GET]
  Session ID: ca91f0ef0214986eaec1424129ff4688
  Parameters: {"action"=>"new", "controller"=>"sessions"}
Rendering template within layouts/application
Rendering sessions/new
Completed in 0.00909 (109 reqs/sec) | Rendering: 0.00652 (71%) | DB: 0.00016 (1%) | 200 OK [http://localhost/]


Processing SessionsController#new (for 127.0.0.1 at 2008-10-18 04:26:14) [GET]
  Session ID: 3dbb42429baa6bc6def661b30ca605e1
  Parameters: {"action"=>"new", "controller"=>"sessions"}
Rendering template within layouts/application
Rendering sessions/new
Completed in 0.01031 (96 reqs/sec) | Rendering: 0.00705 (68%) | DB: 0.00025 (2%) | 200 OK [http://localhost/]


Processing UsersController#new (for 127.0.0.1 at 2008-10-18 04:26:37) [GET]
  Session ID: 3dbb42429baa6bc6def661b30ca605e1
  Parameters: {"action"=>"new", "controller"=>"users"}
Rendering template within layouts/application
Rendering users/new
Completed in 0.01251 (79 reqs/sec) | Rendering: 0.00799 (63%) | DB: 0.00079 (6%) | 200 OK [http://localhost/signup]


Processing SessionsController#new (for 127.0.0.1 at 2008-10-18 04:46:46) [GET]
  Session ID: 3dbb42429baa6bc6def661b30ca605e1
  Parameters: {"action"=>"new", "controller"=>"sessions"}
Rendering template within layouts/application
Rendering sessions/new
Completed in 0.01201 (83 reqs/sec) | Rendering: 0.00852 (70%) | DB: 0.00107 (8%) | 200 OK [http://localhost/]


Processing UsersController#new (for 127.0.0.1 at 2008-10-18 04:46:51) [GET]
  Session ID: 3dbb42429baa6bc6def661b30ca605e1
  Parameters: {"action"=>"new", "controller"=>"users"}
Rendering template within layouts/application
Rendering users/new
Completed in 0.01356 (73 reqs/sec) | Rendering: 0.00901 (66%) | DB: 0.00074 (5%) | 200 OK [http://localhost/signup]
